Jun-01 22:47:02.410 [main] DEBUG nextflow.cli.Launcher - $> nextflow run main.nf --input data --output results --reference ref/genome.fa --fastqc_threads 8
Jun-01 22:47:02.463 [main] DEBUG nextflow.cli.CmdRun - N E X T F L O W  ~  version 25.04.2
Jun-01 22:47:02.473 [main] DEBUG nextflow.plugin.PluginsFacade - Setting up plugin manager > mode=prod; embedded=false; plugins-dir=/Users/manishkumar/.nextflow/plugins; core-plugins: nf-amazon@2.15.0,nf-azure@1.16.0,nf-cloudcache@0.4.3,nf-codecommit@0.2.3,nf-console@1.2.1,nf-google@1.21.0,nf-k8s@1.0.0,nf-tower@1.11.2,nf-wave@1.12.1
Jun-01 22:47:02.488 [main] INFO  o.pf4j.DefaultPluginStatusProvider - Enabled plugins: []
Jun-01 22:47:02.488 [main] INFO  o.pf4j.DefaultPluginStatusProvider - Disabled plugins: []
Jun-01 22:47:02.489 [main] INFO  org.pf4j.DefaultPluginManager - PF4J version 3.12.0 in 'deployment' mode
Jun-01 22:47:02.494 [main] INFO  org.pf4j.AbstractPluginManager - No plugins
Jun-01 22:47:02.502 [main] DEBUG nextflow.config.ConfigBuilder - Found config local: /Users/manishkumar/Desktop/Nextflow-Workflows/exome_pipeline/nextflow.config
Jun-01 22:47:02.505 [main] DEBUG nextflow.config.ConfigBuilder - Parsing config file: /Users/manishkumar/Desktop/Nextflow-Workflows/exome_pipeline/nextflow.config
Jun-01 22:47:02.516 [main] DEBUG n.secret.LocalSecretsProvider - Secrets store: /Users/manishkumar/.nextflow/secrets/store.json
Jun-01 22:47:02.519 [main] DEBUG nextflow.secret.SecretsLoader - Discovered secrets providers: [nextflow.secret.LocalSecretsProvider@6075b2d3] - activable => nextflow.secret.LocalSecretsProvider@6075b2d3
Jun-01 22:47:02.524 [main] DEBUG nextflow.config.ConfigBuilder - Applying config profile: `standard`
Jun-01 22:47:02.699 [main] DEBUG nextflow.cli.CmdRun - Applied DSL=2 from script declaration
Jun-01 22:47:02.706 [main] DEBUG nextflow.cli.CmdRun - Launching `main.nf` [pensive_stone] DSL2 - revision: a077505e01
Jun-01 22:47:02.707 [main] DEBUG nextflow.plugin.PluginsFacade - Plugins default=[]
Jun-01 22:47:02.707 [main] DEBUG nextflow.plugin.PluginsFacade - Plugins resolved requirement=[nf-tower@1.11.2]
Jun-01 22:47:02.708 [main] DEBUG nextflow.plugin.PluginUpdater - Installing plugin nf-tower version: 1.11.2
Jun-01 22:47:02.712 [main] INFO  org.pf4j.AbstractPluginManager - Plugin 'nf-tower@1.11.2' resolved
Jun-01 22:47:02.713 [main] INFO  org.pf4j.AbstractPluginManager - Start plugin 'nf-tower@1.11.2'
Jun-01 22:47:02.718 [main] DEBUG nextflow.plugin.BasePlugin - Plugin started nf-tower@1.11.2
Jun-01 22:47:02.738 [main] DEBUG nextflow.Session - Session UUID: f916a6be-95ba-48e4-8760-d1a2ba97c82d
Jun-01 22:47:02.738 [main] DEBUG nextflow.Session - Run name: pensive_stone
Jun-01 22:47:02.738 [main] DEBUG nextflow.Session - Executor pool size: 14
Jun-01 22:47:02.741 [main] DEBUG nextflow.file.FilePorter - File porter settings maxRetries=3; maxTransfers=50; pollTimeout=null
Jun-01 22:47:02.743 [main] DEBUG nextflow.util.ThreadPoolBuilder - Creating thread pool 'FileTransfer' minSize=10; maxSize=42; workQueue=LinkedBlockingQueue[-1]; allowCoreThreadTimeout=false
Jun-01 22:47:02.753 [main] DEBUG nextflow.cli.CmdRun - 
  Version: 25.04.2 build 5947
  Created: 13-05-2025 21:58 UTC (16:58 CDT)
  System: Mac OS X 15.5
  Runtime: Groovy 4.0.26 on OpenJDK 64-Bit Server VM 21.0.7
  Encoding: UTF-8 (UTF-8)
  Process: 11150@mac.lan [192.168.86.201]
  CPUs: 14 - Mem: 36 GB (455 MB) - Swap: 18 GB (547 MB)
Jun-01 22:47:02.759 [main] DEBUG nextflow.Session - Work-dir: /Users/manishkumar/Desktop/Nextflow-Workflows/exome_pipeline/work [Mac OS X]
Jun-01 22:47:02.759 [main] DEBUG nextflow.Session - Script base path does not exist or is not a directory: /Users/manishkumar/Desktop/Nextflow-Workflows/exome_pipeline/bin
Jun-01 22:47:02.764 [main] DEBUG nextflow.executor.ExecutorFactory - Extension executors providers=[]
Jun-01 22:47:02.769 [main] DEBUG nextflow.Session - Observer factory: DefaultObserverFactory
Jun-01 22:47:02.770 [main] DEBUG nextflow.Session - Observer factory: TowerFactory
Jun-01 22:47:02.771 [main] DEBUG nextflow.Session - Observer factory (v2): LinObserverFactory
Jun-01 22:47:02.779 [main] DEBUG nextflow.cache.CacheFactory - Using Nextflow cache factory: nextflow.cache.DefaultCacheFactory
Jun-01 22:47:02.783 [main] DEBUG nextflow.util.CustomThreadPool - Creating default thread pool > poolSize: 15; maxThreads: 1000
Jun-01 22:47:02.806 [main] DEBUG nextflow.Session - Session start
Jun-01 22:47:03.052 [main] DEBUG nextflow.script.ScriptRunner - > Launching execution
Jun-01 22:47:03.114 [main] DEBUG nextflow.executor.ExecutorFactory - << taskConfig executor: local
Jun-01 22:47:03.115 [main] DEBUG nextflow.executor.ExecutorFactory - >> processorType: 'local'
Jun-01 22:47:03.117 [main] DEBUG nextflow.executor.Executor - [warm up] executor > local
Jun-01 22:47:03.119 [main] DEBUG n.processor.LocalPollingMonitor - Creating local task monitor for executor 'local' > cpus=14; memory=36 GB; capacity=14; pollInterval=100ms; dumpInterval=5m
Jun-01 22:47:03.120 [main] DEBUG n.processor.TaskPollingMonitor - >>> barrier register (monitor: local)
Jun-01 22:47:03.129 [main] DEBUG nextflow.processor.TaskProcessor - Creating process 'FastQC': maxForks=0; fair=false; array=0
Jun-01 22:47:03.141 [main] DEBUG nextflow.executor.ExecutorFactory - << taskConfig executor: local
Jun-01 22:47:03.141 [main] DEBUG nextflow.executor.ExecutorFactory - >> processorType: 'local'
Jun-01 22:47:03.141 [main] DEBUG nextflow.processor.TaskProcessor - Creating process 'bwa_align': maxForks=0; fair=false; array=0
Jun-01 22:47:03.144 [main] DEBUG nextflow.executor.ExecutorFactory - << taskConfig executor: local
Jun-01 22:47:03.144 [main] DEBUG nextflow.executor.ExecutorFactory - >> processorType: 'local'
Jun-01 22:47:03.144 [main] DEBUG nextflow.processor.TaskProcessor - Creating process 'sort_bam': maxForks=0; fair=false; array=0
Jun-01 22:47:03.146 [main] DEBUG nextflow.executor.ExecutorFactory - << taskConfig executor: local
Jun-01 22:47:03.146 [main] DEBUG nextflow.executor.ExecutorFactory - >> processorType: 'local'
Jun-01 22:47:03.146 [main] DEBUG nextflow.processor.TaskProcessor - Creating process 'mark_duplicates': maxForks=0; fair=false; array=0
Jun-01 22:47:03.148 [main] DEBUG nextflow.executor.ExecutorFactory - << taskConfig executor: local
Jun-01 22:47:03.148 [main] DEBUG nextflow.executor.ExecutorFactory - >> processorType: 'local'
Jun-01 22:47:03.148 [main] DEBUG nextflow.processor.TaskProcessor - Creating process 'base_recalibrator': maxForks=0; fair=false; array=0
Jun-01 22:47:03.152 [main] DEBUG nextflow.Session - Workflow process names [dsl2]: bwa_align, base_recalibrator, mark_duplicates, FastQC, sort_bam
Jun-01 22:47:03.153 [main] DEBUG nextflow.Session - Igniting dataflow network (6)
Jun-01 22:47:03.154 [PathVisitor-1] DEBUG nextflow.file.PathVisitor - files for syntax: glob; folder: data/; pattern: *_{R1,R2}.fastq.gz; options: [:]
Jun-01 22:47:03.155 [main] DEBUG nextflow.processor.TaskProcessor - Starting process > FastQC
Jun-01 22:47:03.155 [main] DEBUG nextflow.processor.TaskProcessor - Starting process > bwa_align
Jun-01 22:47:03.155 [main] DEBUG nextflow.processor.TaskProcessor - Starting process > sort_bam
Jun-01 22:47:03.155 [main] DEBUG nextflow.processor.TaskProcessor - Starting process > mark_duplicates
Jun-01 22:47:03.155 [main] DEBUG nextflow.processor.TaskProcessor - Starting process > base_recalibrator
Jun-01 22:47:03.155 [main] DEBUG nextflow.script.ScriptRunner - Parsed script files:
  Script_af28a8ad8190ba38: /Users/manishkumar/Desktop/Nextflow-Workflows/exome_pipeline/main.nf
Jun-01 22:47:03.155 [main] DEBUG nextflow.script.ScriptRunner - > Awaiting termination 
Jun-01 22:47:03.155 [main] DEBUG nextflow.Session - Session await
Jun-01 22:47:03.233 [Task submitter] DEBUG n.executor.local.LocalTaskHandler - Launch cmd line: /bin/bash -ue .command.run
Jun-01 22:47:03.234 [Task submitter] INFO  nextflow.Session - [ea/23c5e6] Submitted process > FastQC (sample1)
Jun-01 22:47:03.334 [Task submitter] DEBUG n.executor.local.LocalTaskHandler - Launch cmd line: /bin/bash -ue .command.run
Jun-01 22:47:03.334 [Task submitter] INFO  nextflow.Session - [c4/c62f10] Submitted process > bwa_align (sample1)
Jun-01 22:47:03.656 [Task monitor] DEBUG n.processor.TaskPollingMonitor - Task completed > TaskHandler[id: 2; name: bwa_align (sample1); status: COMPLETED; exit: 0; error: -; workDir: /Users/manishkumar/Desktop/Nextflow-Workflows/exome_pipeline/work/c4/c62f1038e1894de88893d6219fe2ce]
Jun-01 22:47:03.657 [Task monitor] DEBUG nextflow.util.ThreadPoolBuilder - Creating thread pool 'TaskFinalizer' minSize=10; maxSize=42; workQueue=LinkedBlockingQueue[-1]; allowCoreThreadTimeout=false
Jun-01 22:47:03.673 [Task submitter] DEBUG n.executor.local.LocalTaskHandler - Launch cmd line: /bin/bash -ue .command.run
Jun-01 22:47:03.673 [Task submitter] INFO  nextflow.Session - [e3/168cb5] Submitted process > sort_bam (sort_bam)
Jun-01 22:47:04.003 [Task monitor] DEBUG n.processor.TaskPollingMonitor - Task completed > TaskHandler[id: 3; name: sort_bam (sort_bam); status: COMPLETED; exit: 0; error: -; workDir: /Users/manishkumar/Desktop/Nextflow-Workflows/exome_pipeline/work/e3/168cb59d0ea3e11130f22c66614949]
Jun-01 22:47:04.013 [Task submitter] DEBUG n.executor.local.LocalTaskHandler - Launch cmd line: /bin/bash -ue .command.run
Jun-01 22:47:04.014 [Task submitter] INFO  nextflow.Session - [bb/122bde] Submitted process > mark_duplicates (mark_duplicates)
Jun-01 22:47:04.676 [Task monitor] DEBUG n.processor.TaskPollingMonitor - Task completed > TaskHandler[id: 1; name: FastQC (sample1); status: COMPLETED; exit: 0; error: -; workDir: /Users/manishkumar/Desktop/Nextflow-Workflows/exome_pipeline/work/ea/23c5e6f179b6e32c50922666a3fa39]
Jun-01 22:47:04.685 [TaskFinalizer-3] DEBUG nextflow.util.ThreadPoolBuilder - Creating thread pool 'PublishDir' minSize=10; maxSize=42; workQueue=LinkedBlockingQueue[-1]; allowCoreThreadTimeout=false
Jun-01 22:47:04.775 [Task monitor] DEBUG n.processor.TaskPollingMonitor - Task completed > TaskHandler[id: 4; name: mark_duplicates (mark_duplicates); status: COMPLETED; exit: 0; error: -; workDir: /Users/manishkumar/Desktop/Nextflow-Workflows/exome_pipeline/work/bb/122bdefd7044cad6605d30cd2bc953]
Jun-01 22:47:04.790 [Task submitter] DEBUG n.executor.local.LocalTaskHandler - Launch cmd line: /bin/bash -ue .command.run
Jun-01 22:47:04.790 [Task submitter] INFO  nextflow.Session - [a2/8c19f9] Submitted process > base_recalibrator (sample1)
Jun-01 22:47:05.887 [Task monitor] DEBUG n.processor.TaskPollingMonitor - Task completed > TaskHandler[id: 5; name: base_recalibrator (sample1); status: COMPLETED; exit: 2; error: -; workDir: /Users/manishkumar/Desktop/Nextflow-Workflows/exome_pipeline/work/a2/8c19f9bc7f97c9538ee6646b1f5bc8]
Jun-01 22:47:05.890 [TaskFinalizer-5] DEBUG nextflow.processor.TaskProcessor - Handling unexpected condition for
  task: name=base_recalibrator (sample1); work-dir=/Users/manishkumar/Desktop/Nextflow-Workflows/exome_pipeline/work/a2/8c19f9bc7f97c9538ee6646b1f5bc8
  error [nextflow.exception.ProcessFailedException]: Process `base_recalibrator (sample1)` terminated with an error exit status (2)
Jun-01 22:47:05.894 [TaskFinalizer-5] INFO  nextflow.processor.TaskProcessor - [a2/8c19f9] NOTE: Process `base_recalibrator (sample1)` terminated with an error exit status (2) -- Execution is retried (1)
Jun-01 22:47:05.902 [Task submitter] DEBUG n.executor.local.LocalTaskHandler - Launch cmd line: /bin/bash -ue .command.run
Jun-01 22:47:05.902 [Task submitter] INFO  nextflow.Session - [d7/732e82] Re-submitted process > base_recalibrator (sample1)
Jun-01 22:47:06.960 [Task monitor] DEBUG n.processor.TaskPollingMonitor - Task completed > TaskHandler[id: 6; name: base_recalibrator (sample1); status: COMPLETED; exit: 2; error: -; workDir: /Users/manishkumar/Desktop/Nextflow-Workflows/exome_pipeline/work/d7/732e828dc68aacd7cd5b0d8a3214ca]
Jun-01 22:47:06.960 [TaskFinalizer-6] DEBUG nextflow.processor.TaskProcessor - Handling unexpected condition for
  task: name=base_recalibrator (sample1); work-dir=/Users/manishkumar/Desktop/Nextflow-Workflows/exome_pipeline/work/d7/732e828dc68aacd7cd5b0d8a3214ca
  error [nextflow.exception.ProcessFailedException]: Process `base_recalibrator (sample1)` terminated with an error exit status (2)
Jun-01 22:47:06.961 [TaskFinalizer-6] INFO  nextflow.processor.TaskProcessor - [d7/732e82] NOTE: Process `base_recalibrator (sample1)` terminated with an error exit status (2) -- Execution is retried (2)
Jun-01 22:47:06.964 [Task submitter] DEBUG n.executor.local.LocalTaskHandler - Launch cmd line: /bin/bash -ue .command.run
Jun-01 22:47:06.964 [Task submitter] INFO  nextflow.Session - [89/0949d1] Re-submitted process > base_recalibrator (sample1)
Jun-01 22:47:08.006 [Task monitor] DEBUG n.processor.TaskPollingMonitor - Task completed > TaskHandler[id: 7; name: base_recalibrator (sample1); status: COMPLETED; exit: 2; error: -; workDir: /Users/manishkumar/Desktop/Nextflow-Workflows/exome_pipeline/work/89/0949d12b77753f0a07d632b6d83e95]
Jun-01 22:47:08.007 [TaskFinalizer-7] DEBUG nextflow.processor.TaskProcessor - Handling unexpected condition for
  task: name=base_recalibrator (sample1); work-dir=/Users/manishkumar/Desktop/Nextflow-Workflows/exome_pipeline/work/89/0949d12b77753f0a07d632b6d83e95
  error [nextflow.exception.ProcessFailedException]: Process `base_recalibrator (sample1)` terminated with an error exit status (2)
Jun-01 22:47:08.014 [TaskFinalizer-7] ERROR nextflow.processor.TaskProcessor - Error executing process > 'base_recalibrator (sample1)'

Caused by:
  Process `base_recalibrator (sample1)` terminated with an error exit status (2)


Command executed:

  gatk --java-options '-Xmx4g' BaseRecalibrator         -R ref/genome.fa         -I sample1.dup.bam         --known-sites false         -O results/bam/sample1/sample1_recal_data.csv

Command exit status:
  2

Command output:
  (empty)

Command error:
  Using GATK jar /opt/gatk-4.2.0.0/gatk-package-4.2.0.0-local.jar
  Running:
      java -Dsamjdk.use_async_io_read_samtools=false -Dsamjdk.use_async_io_write_samtools=true -Dsamjdk.use_async_io_write_tribble=false -Dsamjdk.compression_level=2 -Xmx4g -jar /opt/gatk-4.2.0.0/gatk-package-4.2.0.0-local.jar BaseRecalibrator -R ref/genome.fa -I sample1.dup.bam --known-sites false -O results/bam/sample1/sample1_recal_data.csv
  03:47:07.817 INFO  NativeLibraryLoader - Loading libgkl_compression.so from jar:file:/opt/gatk-4.2.0.0/gatk-package-4.2.0.0-local.jar!/com/intel/gkl/native/libgkl_compression.so
  03:47:07.824 WARN  NativeLibraryLoader - Unable to load libgkl_compression.so from native/libgkl_compression.so (/tmp/libgkl_compression17090929811449694938.so: /tmp/libgkl_compression17090929811449694938.so: cannot open shared object file: No such file or directory (Possible cause: can't load AMD 64-bit .so on a AARCH64-bit platform))
  03:47:07.826 INFO  NativeLibraryLoader - Loading libgkl_compression.so from jar:file:/opt/gatk-4.2.0.0/gatk-package-4.2.0.0-local.jar!/com/intel/gkl/native/libgkl_compression.so
  03:47:07.829 WARN  NativeLibraryLoader - Unable to load libgkl_compression.so from native/libgkl_compression.so (/tmp/libgkl_compression1003055218820549823.so: /tmp/libgkl_compression1003055218820549823.so: cannot open shared object file: No such file or directory (Possible cause: can't load AMD 64-bit .so on a AARCH64-bit platform))
  Jun 02, 2025 3:47:07 AM shaded.cloud_nio.com.google.auth.oauth2.ComputeEngineCredentials runningOnComputeEngine
  INFO: Failed to detect whether we are running on Google Compute Engine.
  03:47:07.876 INFO  BaseRecalibrator - ------------------------------------------------------------
  03:47:07.876 INFO  BaseRecalibrator - The Genome Analysis Toolkit (GATK) v4.2.0.0
  03:47:07.876 INFO  BaseRecalibrator - For support and documentation go to https://software.broadinstitute.org/gatk/
  03:47:07.876 INFO  BaseRecalibrator - Executing as root@0d4543cd7129 on Linux v6.10.14-linuxkit aarch64
  03:47:07.876 INFO  BaseRecalibrator - Java runtime: OpenJDK 64-Bit Server VM v11.0.16+8
  03:47:07.876 INFO  BaseRecalibrator - Start Date/Time: June 2, 2025 at 3:47:07 AM UTC
  03:47:07.876 INFO  BaseRecalibrator - ------------------------------------------------------------
  03:47:07.876 INFO  BaseRecalibrator - ------------------------------------------------------------
  03:47:07.876 INFO  BaseRecalibrator - HTSJDK Version: 2.24.0
  03:47:07.876 INFO  BaseRecalibrator - Picard Version: 2.25.0
  03:47:07.876 INFO  BaseRecalibrator - Built for Spark Version: 2.4.5
  03:47:07.877 INFO  BaseRecalibrator - HTSJDK Defaults.COMPRESSION_LEVEL : 2
  03:47:07.877 INFO  BaseRecalibrator - HTSJDK Defaults.USE_ASYNC_IO_READ_FOR_SAMTOOLS : false
  03:47:07.877 INFO  BaseRecalibrator - HTSJDK Defaults.USE_ASYNC_IO_WRITE_FOR_SAMTOOLS : true
  03:47:07.877 INFO  BaseRecalibrator - HTSJDK Defaults.USE_ASYNC_IO_WRITE_FOR_TRIBBLE : false
  03:47:07.877 INFO  BaseRecalibrator - Deflater: JdkDeflater
  03:47:07.877 INFO  BaseRecalibrator - Inflater: JdkInflater
  03:47:07.877 INFO  BaseRecalibrator - GCS max retries/reopens: 20
  03:47:07.877 INFO  BaseRecalibrator - Requester pays: disabled
  03:47:07.877 INFO  BaseRecalibrator - Initializing engine
  03:47:07.880 INFO  BaseRecalibrator - Shutting down engine
  [June 2, 2025 at 3:47:07 AM UTC] org.broadinstitute.hellbender.tools.walkers.bqsr.BaseRecalibrator done. Elapsed time: 0.00 minutes.
  Runtime.totalMemory()=163577856
  ***********************************************************************
  
  A USER ERROR has occurred: The specified fasta file (file://ref/genome.fa) does not exist.
  
  ***********************************************************************
  Set the system property GATK_STACKTRACE_ON_USER_EXCEPTION (--java-options '-DGATK_STACKTRACE_ON_USER_EXCEPTION=true') to print the stack trace.

Work dir:
  /Users/manishkumar/Desktop/Nextflow-Workflows/exome_pipeline/work/89/0949d12b77753f0a07d632b6d83e95

Container:
  man4ish/exome_pipeline:latest

Tip: you can replicate the issue by changing to the process work dir and entering the command `bash .command.run`
Jun-01 22:47:08.015 [main] DEBUG nextflow.Session - Session await > all processes finished
Jun-01 22:47:08.016 [TaskFinalizer-7] DEBUG nextflow.Session - Session aborted -- Cause: Process `base_recalibrator (sample1)` terminated with an error exit status (2)
Jun-01 22:47:08.022 [main] DEBUG nextflow.Session - Session await > all barriers passed
Jun-01 22:47:08.022 [Task monitor] DEBUG n.processor.TaskPollingMonitor - <<< barrier arrives (monitor: local) - terminating tasks monitor poll loop
Jun-01 22:47:08.025 [main] DEBUG n.trace.WorkflowStatsObserver - Workflow completed > WorkflowStats[succeededCount=4; failedCount=3; ignoredCount=0; cachedCount=0; pendingCount=0; submittedCount=0; runningCount=0; retriesCount=2; abortedCount=0; succeedDuration=9.9s; failedDuration=11.7s; cachedDuration=0ms;loadCpus=0; loadMemory=0; peakRunning=2; peakCpus=8; peakMemory=16 GB; ]
Jun-01 22:47:08.309 [main] DEBUG nextflow.cache.CacheDB - Closing CacheDB done
Jun-01 22:47:08.320 [main] INFO  org.pf4j.AbstractPluginManager - Stop plugin 'nf-tower@1.11.2'
Jun-01 22:47:08.320 [main] DEBUG nextflow.plugin.BasePlugin - Plugin stopped nf-tower
Jun-01 22:47:08.320 [main] DEBUG nextflow.script.ScriptRunner - > Execution complete -- Goodbye
