INFO	2025-06-02 03:47:04	MarkDuplicates	

********** NOTE: Picard's command line syntax is changing.
**********
********** For more information, please see:
********** https://github.com/broadinstitute/picard/wiki/Command-Line-Syntax-Transition-For-Users-(Pre-Transition)
**********
********** The command line looks like this in the new syntax:
**********
**********    MarkDuplicates -INPUT sample1.sorted.bam -OUTPUT results/bam/sample1/sample1.dup.bam -METRICS_FILE results/dup_log/sample1_metrics.txt -VALIDATION_STRINGENCY LENIENT -REMOVE_DUPLICATES false -ASSUME_SORTED false
**********


03:47:04.542 INFO  NativeLibraryLoader - Loading libgkl_compression.so from jar:file:/opt/picard.jar!/com/intel/gkl/native/libgkl_compression.so
03:47:04.548 WARN  NativeLibraryLoader - Unable to load libgkl_compression.so from native/libgkl_compression.so (/tmp/root/libgkl_compression5730450289222245421.so: /tmp/root/libgkl_compression5730450289222245421.so: cannot open shared object file: No such file or directory (Possible cause: can't load AMD 64-bit .so on a AARCH64-bit platform))
03:47:04.549 INFO  NativeLibraryLoader - Loading libgkl_compression.so from jar:file:/opt/picard.jar!/com/intel/gkl/native/libgkl_compression.so
03:47:04.552 WARN  NativeLibraryLoader - Unable to load libgkl_compression.so from native/libgkl_compression.so (/tmp/root/libgkl_compression660252682112569061.so: /tmp/root/libgkl_compression660252682112569061.so: cannot open shared object file: No such file or directory (Possible cause: can't load AMD 64-bit .so on a AARCH64-bit platform))
[Mon Jun 02 03:47:04 UTC 2025] MarkDuplicates INPUT=[sample1.sorted.bam] OUTPUT=results/bam/sample1/sample1.dup.bam METRICS_FILE=results/dup_log/sample1_metrics.txt REMOVE_DUPLICATES=false ASSUME_SORTED=false VALIDATION_STRINGENCY=LENIENT    MAX_SEQUENCES_FOR_DISK_READ_ENDS_MAP=50000 MAX_FILE_HANDLES_FOR_READ_ENDS_MAP=8000 SORTING_COLLECTION_SIZE_RATIO=0.25 TAG_DUPLICATE_SET_MEMBERS=false REMOVE_SEQUENCING_DUPLICATES=false TAGGING_POLICY=DontTag CLEAR_DT=true DUPLEX_UMI=false ADD_PG_TAG_TO_READS=true DUPLICATE_SCORING_STRATEGY=SUM_OF_BASE_QUALITIES PROGRAM_RECORD_ID=MarkDuplicates PROGRAM_GROUP_NAME=MarkDuplicates READ_NAME_REGEX=<optimized capture of last three ':' separated fields as numeric values> OPTICAL_DUPLICATE_PIXEL_DISTANCE=100 MAX_OPTICAL_DUPLICATE_SET_SIZE=300000 VERBOSITY=INFO QUIET=false COMPRESSION_LEVEL=5 MAX_RECORDS_IN_RAM=500000 CREATE_INDEX=false CREATE_MD5_FILE=false GA4GH_CLIENT_SECRETS=client_secrets.json USE_JDK_DEFLATER=false USE_JDK_INFLATER=false
[Mon Jun 02 03:47:04 UTC 2025] Executing as root@ef004a6c5fc1 on Linux 6.10.14-linuxkit aarch64; OpenJDK 64-Bit Server VM 11.0.16+8; Deflater: Jdk; Inflater: Jdk; Provider GCS is not available; Picard version: 2.27.1
INFO	2025-06-02 03:47:04	MarkDuplicates	Start of doWork freeMemory: 25100272; totalMemory: 31457280; maxMemory: 2147483648
INFO	2025-06-02 03:47:04	MarkDuplicates	Reading input file and constructing read end information.
INFO	2025-06-02 03:47:04	MarkDuplicates	Will retain up to 7780737 data points before spilling to disk.
03:47:04.566 WARN  IntelInflaterFactory - IntelInflater is not supported, using Java.util.zip.Inflater
INFO	2025-06-02 03:47:04	MarkDuplicates	Read 0 records. 0 pairs never matched.
INFO	2025-06-02 03:47:04	MarkDuplicates	After buildSortedReadEndLists freeMemory: 49839632; totalMemory: 119537664; maxMemory: 2147483648
INFO	2025-06-02 03:47:04	MarkDuplicates	Will retain up to 67108864 duplicate indices before spilling to disk.
INFO	2025-06-02 03:47:04	MarkDuplicates	Traversing read pair information and detecting duplicates.
INFO	2025-06-02 03:47:04	MarkDuplicates	Traversing fragment information and detecting duplicates.
INFO	2025-06-02 03:47:04	MarkDuplicates	Sorting list of duplicate records.
INFO	2025-06-02 03:47:04	MarkDuplicates	After generateDuplicateIndexes freeMemory: 369653752; totalMemory: 914358272; maxMemory: 2147483648
INFO	2025-06-02 03:47:04	MarkDuplicates	Marking 0 records as duplicates.
INFO	2025-06-02 03:47:04	MarkDuplicates	Found 0 optical duplicate clusters.
03:47:04.607 WARN  IntelInflaterFactory - IntelInflater is not supported, using Java.util.zip.Inflater
INFO	2025-06-02 03:47:04	MarkDuplicates	Reads are assumed to be ordered by: coordinate
03:47:04.609 WARN  IntelDeflaterFactory - Intel Deflater not supported, using Java.util.zip.Deflater
INFO	2025-06-02 03:47:04	MarkDuplicates	Writing complete. Closing input iterator.
INFO	2025-06-02 03:47:04	MarkDuplicates	Duplicate Index cleanup.
INFO	2025-06-02 03:47:04	MarkDuplicates	Getting Memory Stats.
INFO	2025-06-02 03:47:04	MarkDuplicates	Before output close freeMemory: 28667024; totalMemory: 35651584; maxMemory: 2147483648
INFO	2025-06-02 03:47:04	MarkDuplicates	Closed outputs. Getting more Memory Stats.
INFO	2025-06-02 03:47:04	MarkDuplicates	After output close freeMemory: 24514608; totalMemory: 31457280; maxMemory: 2147483648
[Mon Jun 02 03:47:04 UTC 2025] picard.sam.markduplicates.MarkDuplicates done. Elapsed time: 0.00 minutes.
Runtime.totalMemory()=31457280
