INFO	2025-05-29 03:58:52	MarkDuplicates	

********** NOTE: Picard's command line syntax is changing.
**********
********** For more information, please see:
********** https://github.com/broadinstitute/picard/wiki/Command-Line-Syntax-Transition-For-Users-(Pre-Transition)
**********
********** The command line looks like this in the new syntax:
**********
**********    MarkDuplicates -INPUT sample1.bam -OUTPUT results/bam/sample1/sample1.dup.bam -METRICS_FILE results/dup_log/sample1_metrics.txt -VALIDATION_STRINGENCY LENIENT -REMOVE_DUPLICATES false -ASSUME_SORTED false
**********


03:58:52.356 INFO  NativeLibraryLoader - Loading libgkl_compression.so from jar:file:/opt/picard.jar!/com/intel/gkl/native/libgkl_compression.so
03:58:52.363 WARN  NativeLibraryLoader - Unable to load libgkl_compression.so from native/libgkl_compression.so (/tmp/root/libgkl_compression13674562367797836544.so: /tmp/root/libgkl_compression13674562367797836544.so: cannot open shared object file: No such file or directory (Possible cause: can't load AMD 64-bit .so on a AARCH64-bit platform))
03:58:52.363 INFO  NativeLibraryLoader - Loading libgkl_compression.so from jar:file:/opt/picard.jar!/com/intel/gkl/native/libgkl_compression.so
03:58:52.366 WARN  NativeLibraryLoader - Unable to load libgkl_compression.so from native/libgkl_compression.so (/tmp/root/libgkl_compression10508388939292735761.so: /tmp/root/libgkl_compression10508388939292735761.so: cannot open shared object file: No such file or directory (Possible cause: can't load AMD 64-bit .so on a AARCH64-bit platform))
[Thu May 29 03:58:52 UTC 2025] MarkDuplicates INPUT=[sample1.bam] OUTPUT=results/bam/sample1/sample1.dup.bam METRICS_FILE=results/dup_log/sample1_metrics.txt REMOVE_DUPLICATES=false ASSUME_SORTED=false VALIDATION_STRINGENCY=LENIENT    MAX_SEQUENCES_FOR_DISK_READ_ENDS_MAP=50000 MAX_FILE_HANDLES_FOR_READ_ENDS_MAP=8000 SORTING_COLLECTION_SIZE_RATIO=0.25 TAG_DUPLICATE_SET_MEMBERS=false REMOVE_SEQUENCING_DUPLICATES=false TAGGING_POLICY=DontTag CLEAR_DT=true DUPLEX_UMI=false ADD_PG_TAG_TO_READS=true DUPLICATE_SCORING_STRATEGY=SUM_OF_BASE_QUALITIES PROGRAM_RECORD_ID=MarkDuplicates PROGRAM_GROUP_NAME=MarkDuplicates READ_NAME_REGEX=<optimized capture of last three ':' separated fields as numeric values> OPTICAL_DUPLICATE_PIXEL_DISTANCE=100 MAX_OPTICAL_DUPLICATE_SET_SIZE=300000 VERBOSITY=INFO QUIET=false COMPRESSION_LEVEL=5 MAX_RECORDS_IN_RAM=500000 CREATE_INDEX=false CREATE_MD5_FILE=false GA4GH_CLIENT_SECRETS=client_secrets.json USE_JDK_DEFLATER=false USE_JDK_INFLATER=false
[Thu May 29 03:58:52 UTC 2025] Executing as root@1c76cf9c1e9e on Linux 6.10.14-linuxkit aarch64; OpenJDK 64-Bit Server VM 11.0.16+8; Deflater: Jdk; Inflater: Jdk; Provider GCS is not available; Picard version: 2.27.1
INFO	2025-05-29 03:58:52	MarkDuplicates	Start of doWork freeMemory: 25101104; totalMemory: 31457280; maxMemory: 2147483648
INFO	2025-05-29 03:58:52	MarkDuplicates	Reading input file and constructing read end information.
INFO	2025-05-29 03:58:52	MarkDuplicates	Will retain up to 7780737 data points before spilling to disk.
03:58:52.379 WARN  IntelInflaterFactory - IntelInflater is not supported, using Java.util.zip.Inflater
INFO	2025-05-29 03:58:52	MarkDuplicates	Read 4 records. 0 pairs never matched.
INFO	2025-05-29 03:58:52	MarkDuplicates	After buildSortedReadEndLists freeMemory: 50890952; totalMemory: 120586240; maxMemory: 2147483648
INFO	2025-05-29 03:58:52	MarkDuplicates	Will retain up to 67108864 duplicate indices before spilling to disk.
INFO	2025-05-29 03:58:52	MarkDuplicates	Traversing read pair information and detecting duplicates.
INFO	2025-05-29 03:58:52	MarkDuplicates	Traversing fragment information and detecting duplicates.
INFO	2025-05-29 03:58:52	MarkDuplicates	Sorting list of duplicate records.
INFO	2025-05-29 03:58:52	MarkDuplicates	After generateDuplicateIndexes freeMemory: 367559344; totalMemory: 912261120; maxMemory: 2147483648
INFO	2025-05-29 03:58:52	MarkDuplicates	Marking 0 records as duplicates.
INFO	2025-05-29 03:58:52	MarkDuplicates	Found 0 optical duplicate clusters.
03:58:52.441 WARN  IntelInflaterFactory - IntelInflater is not supported, using Java.util.zip.Inflater
INFO	2025-05-29 03:58:52	MarkDuplicates	Reads are assumed to be ordered by: unsorted
[Thu May 29 03:58:52 UTC 2025] picard.sam.markduplicates.MarkDuplicates done. Elapsed time: 0.00 minutes.
Runtime.totalMemory()=912261120
To get help, see http://broadinstitute.github.io/picard/index.html#GettingHelp
Exception in thread "main" picard.PicardException: This program requires input that are either coordinate or query sorted (according to the header, or at least ASSUME_SORT_ORDER and the content.) Found ASSUME_SORT_ORDER=null and header sortorder=unsorted
	at picard.sam.markduplicates.MarkDuplicates.doWork(MarkDuplicates.java:288)
	at picard.cmdline.CommandLineProgram.instanceMain(CommandLineProgram.java:308)
	at picard.cmdline.PicardCommandLine.instanceMain(PicardCommandLine.java:103)
	at picard.cmdline.PicardCommandLine.main(PicardCommandLine.java:113)
